<?xml version="1.0" encoding="UTF-8"?>
<testsuite xmlns:xsi="http://www.w3.org/2001/XMLSchema-instance" xsi:noNamespaceSchemaLocation="https://maven.apache.org/surefire/maven-surefire-plugin/xsd/surefire-test-report.xsd" name="com.miaoshaobject.AppTest" time="0.003" tests="1" errors="0" skipped="0" failures="0">
  <properties>
    <property name="sun.desktop" value="windows"/>
    <property name="awt.toolkit" value="sun.awt.windows.WToolkit"/>
    <property name="file.encoding.pkg" value="sun.io"/>
    <property name="java.specification.version" value="1.8"/>
    <property name="sun.cpu.isalist" value="amd64"/>
    <property name="sun.jnu.encoding" value="GBK"/>
    <property name="java.class.path" value="D:\work\project\SeckillDemo\code\miaosha\target\test-classes;D:\work\project\SeckillDemo\code\miaosha\target\classes;D:\work\tools\maven\maven\maven-repository\org\springframework\boot\spring-boot-starter-data-redis\2.6.5\spring-boot-starter-data-redis-2.6.5.jar;D:\work\tools\maven\maven\maven-repository\org\springframework\boot\spring-boot-starter\2.6.5\spring-boot-starter-2.6.5.jar;D:\work\tools\maven\maven\maven-repository\org\springframework\boot\spring-boot\2.6.5\spring-boot-2.6.5.jar;D:\work\tools\maven\maven\maven-repository\org\springframework\boot\spring-boot-autoconfigure\2.6.5\spring-boot-autoconfigure-2.6.5.jar;D:\work\tools\maven\maven\maven-repository\org\springframework\boot\spring-boot-starter-logging\2.6.5\spring-boot-starter-logging-2.6.5.jar;D:\work\tools\maven\maven\maven-repository\ch\qos\logback\logback-classic\1.2.11\logback-classic-1.2.11.jar;D:\work\tools\maven\maven\maven-repository\ch\qos\logback\logback-core\1.2.11\logback-core-1.2.11.jar;D:\work\tools\maven\maven\maven-repository\org\apache\logging\log4j\log4j-to-slf4j\2.17.2\log4j-to-slf4j-2.17.2.jar;D:\work\tools\maven\maven\maven-repository\org\apache\logging\log4j\log4j-api\2.17.2\log4j-api-2.17.2.jar;D:\work\tools\maven\maven\maven-repository\org\slf4j\jul-to-slf4j\1.7.36\jul-to-slf4j-1.7.36.jar;D:\work\tools\maven\maven\maven-repository\jakarta\annotation\jakarta.annotation-api\1.3.5\jakarta.annotation-api-1.3.5.jar;D:\work\tools\maven\maven\maven-repository\org\springframework\spring-core\5.3.17\spring-core-5.3.17.jar;D:\work\tools\maven\maven\maven-repository\org\yaml\snakeyaml\1.29\snakeyaml-1.29.jar;D:\work\tools\maven\maven\maven-repository\org\springframework\data\spring-data-redis\2.6.3\spring-data-redis-2.6.3.jar;D:\work\tools\maven\maven\maven-repository\org\springframework\data\spring-data-keyvalue\2.6.3\spring-data-keyvalue-2.6.3.jar;D:\work\tools\maven\maven\maven-repository\org\springframework\data\spring-data-commons\2.6.3\spring-data-commons-2.6.3.jar;D:\work\tools\maven\maven\maven-repository\org\springframework\spring-tx\5.3.17\spring-tx-5.3.17.jar;D:\work\tools\maven\maven\maven-repository\org\springframework\spring-oxm\5.3.17\spring-oxm-5.3.17.jar;D:\work\tools\maven\maven\maven-repository\org\springframework\spring-aop\5.3.17\spring-aop-5.3.17.jar;D:\work\tools\maven\maven\maven-repository\org\springframework\spring-context-support\5.3.17\spring-context-support-5.3.17.jar;D:\work\tools\maven\maven\maven-repository\org\slf4j\slf4j-api\1.7.36\slf4j-api-1.7.36.jar;D:\work\tools\maven\maven\maven-repository\io\lettuce\lettuce-core\6.1.8.RELEASE\lettuce-core-6.1.8.RELEASE.jar;D:\work\tools\maven\maven\maven-repository\io\netty\netty-common\4.1.75.Final\netty-common-4.1.75.Final.jar;D:\work\tools\maven\maven\maven-repository\io\netty\netty-handler\4.1.75.Final\netty-handler-4.1.75.Final.jar;D:\work\tools\maven\maven\maven-repository\io\netty\netty-resolver\4.1.75.Final\netty-resolver-4.1.75.Final.jar;D:\work\tools\maven\maven\maven-repository\io\netty\netty-buffer\4.1.75.Final\netty-buffer-4.1.75.Final.jar;D:\work\tools\maven\maven\maven-repository\io\netty\netty-codec\4.1.75.Final\netty-codec-4.1.75.Final.jar;D:\work\tools\maven\maven\maven-repository\io\netty\netty-transport\4.1.75.Final\netty-transport-4.1.75.Final.jar;D:\work\tools\maven\maven\maven-repository\io\projectreactor\reactor-core\3.4.16\reactor-core-3.4.16.jar;D:\work\tools\maven\maven\maven-repository\org\reactivestreams\reactive-streams\1.0.3\reactive-streams-1.0.3.jar;D:\work\tools\maven\maven\maven-repository\org\springframework\session\spring-session-data-redis\2.6.1\spring-session-data-redis-2.6.1.jar;D:\work\tools\maven\maven\maven-repository\org\springframework\session\spring-session-core\2.6.2\spring-session-core-2.6.2.jar;D:\work\tools\maven\maven\maven-repository\org\springframework\spring-jcl\5.3.17\spring-jcl-5.3.17.jar;D:\work\tools\maven\maven\maven-repository\org\hibernate\validator\hibernate-validator\6.2.0.Final\hibernate-validator-6.2.0.Final.jar;D:\work\tools\maven\maven\maven-repository\jakarta\validation\jakarta.validation-api\2.0.2\jakarta.validation-api-2.0.2.jar;D:\work\tools\maven\maven\maven-repository\org\jboss\logging\jboss-logging\3.4.3.Final\jboss-logging-3.4.3.Final.jar;D:\work\tools\maven\maven\maven-repository\com\fasterxml\classmate\1.5.1\classmate-1.5.1.jar;D:\work\tools\maven\maven\maven-repository\com\google\guava\guava\16.0.1\guava-16.0.1.jar;D:\work\tools\maven\maven\maven-repository\joda-time\joda-time\2.9.1\joda-time-2.9.1.jar;D:\work\tools\maven\maven\maven-repository\org\apache\commons\commons-lang3\3.9\commons-lang3-3.9.jar;D:\work\tools\maven\maven\maven-repository\org\projectlombok\lombok\1.18.22\lombok-1.18.22.jar;D:\work\tools\maven\maven\maven-repository\mysql\mysql-connector-java\5.1.47\mysql-connector-java-5.1.47.jar;D:\work\tools\maven\maven\maven-repository\com\alibaba\druid\1.1.3\druid-1.1.3.jar;C:\Program Files\Java\jdk1.8.0_341\jre\..\lib\jconsole.jar;C:\Program Files\Java\jdk1.8.0_341\jre\..\lib\tools.jar;D:\work\tools\maven\maven\maven-repository\org\mybatis\spring\boot\mybatis-spring-boot-starter\1.3.1\mybatis-spring-boot-starter-1.3.1.jar;D:\work\tools\maven\maven\maven-repository\org\springframework\boot\spring-boot-starter-jdbc\2.6.5\spring-boot-starter-jdbc-2.6.5.jar;D:\work\tools\maven\maven\maven-repository\com\zaxxer\HikariCP\4.0.3\HikariCP-4.0.3.jar;D:\work\tools\maven\maven\maven-repository\org\springframework\spring-jdbc\5.3.17\spring-jdbc-5.3.17.jar;D:\work\tools\maven\maven\maven-repository\org\mybatis\spring\boot\mybatis-spring-boot-autoconfigure\1.3.1\mybatis-spring-boot-autoconfigure-1.3.1.jar;D:\work\tools\maven\maven\maven-repository\org\mybatis\mybatis\3.4.5\mybatis-3.4.5.jar;D:\work\tools\maven\maven\maven-repository\org\mybatis\mybatis-spring\1.3.1\mybatis-spring-1.3.1.jar;D:\work\tools\maven\maven\maven-repository\org\springframework\boot\spring-boot-starter-web\2.6.5\spring-boot-starter-web-2.6.5.jar;D:\work\tools\maven\maven\maven-repository\org\springframework\boot\spring-boot-starter-json\2.6.5\spring-boot-starter-json-2.6.5.jar;D:\work\tools\maven\maven\maven-repository\com\fasterxml\jackson\core\jackson-databind\2.13.2\jackson-databind-2.13.2.jar;D:\work\tools\maven\maven\maven-repository\com\fasterxml\jackson\core\jackson-annotations\2.13.2\jackson-annotations-2.13.2.jar;D:\work\tools\maven\maven\maven-repository\com\fasterxml\jackson\core\jackson-core\2.13.2\jackson-core-2.13.2.jar;D:\work\tools\maven\maven\maven-repository\com\fasterxml\jackson\datatype\jackson-datatype-jdk8\2.13.2\jackson-datatype-jdk8-2.13.2.jar;D:\work\tools\maven\maven\maven-repository\com\fasterxml\jackson\datatype\jackson-datatype-jsr310\2.13.2\jackson-datatype-jsr310-2.13.2.jar;D:\work\tools\maven\maven\maven-repository\com\fasterxml\jackson\module\jackson-module-parameter-names\2.13.2\jackson-module-parameter-names-2.13.2.jar;D:\work\tools\maven\maven\maven-repository\org\springframework\boot\spring-boot-starter-tomcat\2.6.5\spring-boot-starter-tomcat-2.6.5.jar;D:\work\tools\maven\maven\maven-repository\org\apache\tomcat\embed\tomcat-embed-core\9.0.60\tomcat-embed-core-9.0.60.jar;D:\work\tools\maven\maven\maven-repository\org\apache\tomcat\embed\tomcat-embed-el\9.0.60\tomcat-embed-el-9.0.60.jar;D:\work\tools\maven\maven\maven-repository\org\apache\tomcat\embed\tomcat-embed-websocket\9.0.60\tomcat-embed-websocket-9.0.60.jar;D:\work\tools\maven\maven\maven-repository\org\springframework\spring-web\5.3.17\spring-web-5.3.17.jar;D:\work\tools\maven\maven\maven-repository\org\springframework\spring-beans\5.3.17\spring-beans-5.3.17.jar;D:\work\tools\maven\maven\maven-repository\org\springframework\spring-webmvc\5.3.17\spring-webmvc-5.3.17.jar;D:\work\tools\maven\maven\maven-repository\org\springframework\spring-context\5.3.17\spring-context-5.3.17.jar;D:\work\tools\maven\maven\maven-repository\org\springframework\spring-expression\5.3.17\spring-expression-5.3.17.jar;D:\work\tools\maven\maven\maven-repository\junit\junit\3.8.1\junit-3.8.1.jar;"/>
    <property name="java.vm.vendor" value="Oracle Corporation"/>
    <property name="sun.arch.data.model" value="64"/>
    <property name="user.variant" value=""/>
    <property name="java.vendor.url" value="http://java.oracle.com/"/>
    <property name="user.timezone" value="Asia/Shanghai"/>
    <property name="java.vm.specification.version" value="1.8"/>
    <property name="os.name" value="Windows 11"/>
    <property name="user.country" value="CN"/>
    <property name="sun.java.launcher" value="SUN_STANDARD"/>
    <property name="sun.boot.library.path" value="C:\Program Files\Java\jdk1.8.0_341\jre\bin"/>
    <property name="sun.java.command" value="C:\Users\26307\AppData\Local\Temp\surefire1691584105339696442\surefirebooter7656005438036465371.jar C:\Users\26307\AppData\Local\Temp\surefire1691584105339696442 2022-11-06T14-02-52_088-jvmRun1 surefire6433827221648642172tmp surefire_01787429539498830525tmp"/>
    <property name="surefire.test.class.path" value="D:\work\project\SeckillDemo\code\miaosha\target\test-classes;D:\work\project\SeckillDemo\code\miaosha\target\classes;D:\work\tools\maven\maven\maven-repository\org\springframework\boot\spring-boot-starter-data-redis\2.6.5\spring-boot-starter-data-redis-2.6.5.jar;D:\work\tools\maven\maven\maven-repository\org\springframework\boot\spring-boot-starter\2.6.5\spring-boot-starter-2.6.5.jar;D:\work\tools\maven\maven\maven-repository\org\springframework\boot\spring-boot\2.6.5\spring-boot-2.6.5.jar;D:\work\tools\maven\maven\maven-repository\org\springframework\boot\spring-boot-autoconfigure\2.6.5\spring-boot-autoconfigure-2.6.5.jar;D:\work\tools\maven\maven\maven-repository\org\springframework\boot\spring-boot-starter-logging\2.6.5\spring-boot-starter-logging-2.6.5.jar;D:\work\tools\maven\maven\maven-repository\ch\qos\logback\logback-classic\1.2.11\logback-classic-1.2.11.jar;D:\work\tools\maven\maven\maven-repository\ch\qos\logback\logback-core\1.2.11\logback-core-1.2.11.jar;D:\work\tools\maven\maven\maven-repository\org\apache\logging\log4j\log4j-to-slf4j\2.17.2\log4j-to-slf4j-2.17.2.jar;D:\work\tools\maven\maven\maven-repository\org\apache\logging\log4j\log4j-api\2.17.2\log4j-api-2.17.2.jar;D:\work\tools\maven\maven\maven-repository\org\slf4j\jul-to-slf4j\1.7.36\jul-to-slf4j-1.7.36.jar;D:\work\tools\maven\maven\maven-repository\jakarta\annotation\jakarta.annotation-api\1.3.5\jakarta.annotation-api-1.3.5.jar;D:\work\tools\maven\maven\maven-repository\org\springframework\spring-core\5.3.17\spring-core-5.3.17.jar;D:\work\tools\maven\maven\maven-repository\org\yaml\snakeyaml\1.29\snakeyaml-1.29.jar;D:\work\tools\maven\maven\maven-repository\org\springframework\data\spring-data-redis\2.6.3\spring-data-redis-2.6.3.jar;D:\work\tools\maven\maven\maven-repository\org\springframework\data\spring-data-keyvalue\2.6.3\spring-data-keyvalue-2.6.3.jar;D:\work\tools\maven\maven\maven-repository\org\springframework\data\spring-data-commons\2.6.3\spring-data-commons-2.6.3.jar;D:\work\tools\maven\maven\maven-repository\org\springframework\spring-tx\5.3.17\spring-tx-5.3.17.jar;D:\work\tools\maven\maven\maven-repository\org\springframework\spring-oxm\5.3.17\spring-oxm-5.3.17.jar;D:\work\tools\maven\maven\maven-repository\org\springframework\spring-aop\5.3.17\spring-aop-5.3.17.jar;D:\work\tools\maven\maven\maven-repository\org\springframework\spring-context-support\5.3.17\spring-context-support-5.3.17.jar;D:\work\tools\maven\maven\maven-repository\org\slf4j\slf4j-api\1.7.36\slf4j-api-1.7.36.jar;D:\work\tools\maven\maven\maven-repository\io\lettuce\lettuce-core\6.1.8.RELEASE\lettuce-core-6.1.8.RELEASE.jar;D:\work\tools\maven\maven\maven-repository\io\netty\netty-common\4.1.75.Final\netty-common-4.1.75.Final.jar;D:\work\tools\maven\maven\maven-repository\io\netty\netty-handler\4.1.75.Final\netty-handler-4.1.75.Final.jar;D:\work\tools\maven\maven\maven-repository\io\netty\netty-resolver\4.1.75.Final\netty-resolver-4.1.75.Final.jar;D:\work\tools\maven\maven\maven-repository\io\netty\netty-buffer\4.1.75.Final\netty-buffer-4.1.75.Final.jar;D:\work\tools\maven\maven\maven-repository\io\netty\netty-codec\4.1.75.Final\netty-codec-4.1.75.Final.jar;D:\work\tools\maven\maven\maven-repository\io\netty\netty-transport\4.1.75.Final\netty-transport-4.1.75.Final.jar;D:\work\tools\maven\maven\maven-repository\io\projectreactor\reactor-core\3.4.16\reactor-core-3.4.16.jar;D:\work\tools\maven\maven\maven-repository\org\reactivestreams\reactive-streams\1.0.3\reactive-streams-1.0.3.jar;D:\work\tools\maven\maven\maven-repository\org\springframework\session\spring-session-data-redis\2.6.1\spring-session-data-redis-2.6.1.jar;D:\work\tools\maven\maven\maven-repository\org\springframework\session\spring-session-core\2.6.2\spring-session-core-2.6.2.jar;D:\work\tools\maven\maven\maven-repository\org\springframework\spring-jcl\5.3.17\spring-jcl-5.3.17.jar;D:\work\tools\maven\maven\maven-repository\org\hibernate\validator\hibernate-validator\6.2.0.Final\hibernate-validator-6.2.0.Final.jar;D:\work\tools\maven\maven\maven-repository\jakarta\validation\jakarta.validation-api\2.0.2\jakarta.validation-api-2.0.2.jar;D:\work\tools\maven\maven\maven-repository\org\jboss\logging\jboss-logging\3.4.3.Final\jboss-logging-3.4.3.Final.jar;D:\work\tools\maven\maven\maven-repository\com\fasterxml\classmate\1.5.1\classmate-1.5.1.jar;D:\work\tools\maven\maven\maven-repository\com\google\guava\guava\16.0.1\guava-16.0.1.jar;D:\work\tools\maven\maven\maven-repository\joda-time\joda-time\2.9.1\joda-time-2.9.1.jar;D:\work\tools\maven\maven\maven-repository\org\apache\commons\commons-lang3\3.9\commons-lang3-3.9.jar;D:\work\tools\maven\maven\maven-repository\org\projectlombok\lombok\1.18.22\lombok-1.18.22.jar;D:\work\tools\maven\maven\maven-repository\mysql\mysql-connector-java\5.1.47\mysql-connector-java-5.1.47.jar;D:\work\tools\maven\maven\maven-repository\com\alibaba\druid\1.1.3\druid-1.1.3.jar;C:\Program Files\Java\jdk1.8.0_341\jre\..\lib\jconsole.jar;C:\Program Files\Java\jdk1.8.0_341\jre\..\lib\tools.jar;D:\work\tools\maven\maven\maven-repository\org\mybatis\spring\boot\mybatis-spring-boot-starter\1.3.1\mybatis-spring-boot-starter-1.3.1.jar;D:\work\tools\maven\maven\maven-repository\org\springframework\boot\spring-boot-starter-jdbc\2.6.5\spring-boot-starter-jdbc-2.6.5.jar;D:\work\tools\maven\maven\maven-repository\com\zaxxer\HikariCP\4.0.3\HikariCP-4.0.3.jar;D:\work\tools\maven\maven\maven-repository\org\springframework\spring-jdbc\5.3.17\spring-jdbc-5.3.17.jar;D:\work\tools\maven\maven\maven-repository\org\mybatis\spring\boot\mybatis-spring-boot-autoconfigure\1.3.1\mybatis-spring-boot-autoconfigure-1.3.1.jar;D:\work\tools\maven\maven\maven-repository\org\mybatis\mybatis\3.4.5\mybatis-3.4.5.jar;D:\work\tools\maven\maven\maven-repository\org\mybatis\mybatis-spring\1.3.1\mybatis-spring-1.3.1.jar;D:\work\tools\maven\maven\maven-repository\org\springframework\boot\spring-boot-starter-web\2.6.5\spring-boot-starter-web-2.6.5.jar;D:\work\tools\maven\maven\maven-repository\org\springframework\boot\spring-boot-starter-json\2.6.5\spring-boot-starter-json-2.6.5.jar;D:\work\tools\maven\maven\maven-repository\com\fasterxml\jackson\core\jackson-databind\2.13.2\jackson-databind-2.13.2.jar;D:\work\tools\maven\maven\maven-repository\com\fasterxml\jackson\core\jackson-annotations\2.13.2\jackson-annotations-2.13.2.jar;D:\work\tools\maven\maven\maven-repository\com\fasterxml\jackson\core\jackson-core\2.13.2\jackson-core-2.13.2.jar;D:\work\tools\maven\maven\maven-repository\com\fasterxml\jackson\datatype\jackson-datatype-jdk8\2.13.2\jackson-datatype-jdk8-2.13.2.jar;D:\work\tools\maven\maven\maven-repository\com\fasterxml\jackson\datatype\jackson-datatype-jsr310\2.13.2\jackson-datatype-jsr310-2.13.2.jar;D:\work\tools\maven\maven\maven-repository\com\fasterxml\jackson\module\jackson-module-parameter-names\2.13.2\jackson-module-parameter-names-2.13.2.jar;D:\work\tools\maven\maven\maven-repository\org\springframework\boot\spring-boot-starter-tomcat\2.6.5\spring-boot-starter-tomcat-2.6.5.jar;D:\work\tools\maven\maven\maven-repository\org\apache\tomcat\embed\tomcat-embed-core\9.0.60\tomcat-embed-core-9.0.60.jar;D:\work\tools\maven\maven\maven-repository\org\apache\tomcat\embed\tomcat-embed-el\9.0.60\tomcat-embed-el-9.0.60.jar;D:\work\tools\maven\maven\maven-repository\org\apache\tomcat\embed\tomcat-embed-websocket\9.0.60\tomcat-embed-websocket-9.0.60.jar;D:\work\tools\maven\maven\maven-repository\org\springframework\spring-web\5.3.17\spring-web-5.3.17.jar;D:\work\tools\maven\maven\maven-repository\org\springframework\spring-beans\5.3.17\spring-beans-5.3.17.jar;D:\work\tools\maven\maven\maven-repository\org\springframework\spring-webmvc\5.3.17\spring-webmvc-5.3.17.jar;D:\work\tools\maven\maven\maven-repository\org\springframework\spring-context\5.3.17\spring-context-5.3.17.jar;D:\work\tools\maven\maven\maven-repository\org\springframework\spring-expression\5.3.17\spring-expression-5.3.17.jar;D:\work\tools\maven\maven\maven-repository\junit\junit\3.8.1\junit-3.8.1.jar;"/>
    <property name="sun.cpu.endian" value="little"/>
    <property name="user.home" value="C:\Users\26307"/>
    <property name="user.language" value="zh"/>
    <property name="java.specification.vendor" value="Oracle Corporation"/>
    <property name="java.home" value="C:\Program Files\Java\jdk1.8.0_341\jre"/>
    <property name="basedir" value="D:\work\project\SeckillDemo\code\miaosha"/>
    <property name="file.separator" value="\"/>
    <property name="line.separator" value="&#10;"/>
    <property name="java.vm.specification.vendor" value="Oracle Corporation"/>
    <property name="java.specification.name" value="Java Platform API Specification"/>
    <property name="java.awt.graphicsenv" value="sun.awt.Win32GraphicsEnvironment"/>
    <property name="surefire.real.class.path" value="C:\Users\26307\AppData\Local\Temp\surefire1691584105339696442\surefirebooter7656005438036465371.jar"/>
    <property name="sun.boot.class.path" value="C:\Program Files\Java\jdk1.8.0_341\jre\lib\resources.jar;C:\Program Files\Java\jdk1.8.0_341\jre\lib\rt.jar;C:\Program Files\Java\jdk1.8.0_341\jre\lib\jsse.jar;C:\Program Files\Java\jdk1.8.0_341\jre\lib\jce.jar;C:\Program Files\Java\jdk1.8.0_341\jre\lib\charsets.jar;C:\Program Files\Java\jdk1.8.0_341\jre\lib\jfr.jar;C:\Program Files\Java\jdk1.8.0_341\jre\classes"/>
    <property name="user.script" value=""/>
    <property name="sun.management.compiler" value="HotSpot 64-Bit Tiered Compilers"/>
    <property name="java.runtime.version" value="1.8.0_341-b10"/>
    <property name="user.name" value="26307"/>
    <property name="path.separator" value=";"/>
    <property name="os.version" value="10.0"/>
    <property name="java.endorsed.dirs" value="C:\Program Files\Java\jdk1.8.0_341\jre\lib\endorsed"/>
    <property name="java.runtime.name" value="Java(TM) SE Runtime Environment"/>
    <property name="file.encoding" value="GBK"/>
    <property name="java.vm.name" value="Java HotSpot(TM) 64-Bit Server VM"/>
    <property name="localRepository" value="D:\work\tools\maven\maven\maven-repository"/>
    <property name="java.vendor.url.bug" value="http://bugreport.sun.com/bugreport/"/>
    <property name="java.io.tmpdir" value="C:\Users\26307\AppData\Local\Temp\"/>
    <property name="idea.version" value="2022.2.1"/>
    <property name="java.version" value="1.8.0_341"/>
    <property name="user.dir" value="D:\work\project\SeckillDemo\code\miaosha"/>
    <property name="os.arch" value="amd64"/>
    <property name="java.vm.specification.name" value="Java Virtual Machine Specification"/>
    <property name="java.awt.printerjob" value="sun.awt.windows.WPrinterJob"/>
    <property name="sun.os.patch.level" value=""/>
    <property name="java.library.path" value="C:\Program Files\Java\jdk1.8.0_341\jre\bin;C:\WINDOWS\Sun\Java\bin;C:\WINDOWS\system32;C:\WINDOWS;D:\work\tools\VMware\bin\;C:\WINDOWS\system32;C:\WINDOWS;C:\WINDOWS\System32\Wbem;C:\WINDOWS\System32\WindowsPowerShell\v1.0\;C:\WINDOWS\System32\OpenSSH\;C:\Program Files\Java\jdk1.8.0_341\bin;D:\work\tools\maven\maven\apache-maven-3.8.6\bin;D:\work\tools\MYSQL\mysql-5.7\bin;D:\work\tools\Xftp\;D:\work\tools\Xshell\;D:\work\tools\python3.8\Scripts\;D:\work\tools\python3.8\;D:\work\tools\python\Scripts\;D:\work\tools\python\;C:\Users\26307\AppData\Local\Programs\Python\Launcher\;C:\Users\26307\AppData\Local\Microsoft\WindowsApps;;."/>
    <property name="java.vm.info" value="mixed mode"/>
    <property name="java.vendor" value="Oracle Corporation"/>
    <property name="java.vm.version" value="25.341-b10"/>
    <property name="java.ext.dirs" value="C:\Program Files\Java\jdk1.8.0_341\jre\lib\ext;C:\WINDOWS\Sun\Java\lib\ext"/>
    <property name="sun.io.unicode.encoding" value="UnicodeLittle"/>
    <property name="java.class.version" value="52.0"/>
  </properties>
  <testcase name="testApp" classname="com.miaoshaobject.AppTest" time="0"/>
</testsuite>